<?xml version="1.0" encoding="UTF-8"?>
<!-- Generated by org.testng.reporters.JUnitReportReporter -->
<testsuite skipped="0" hostname="LAPTOP-U5RJ2U34" name="testCases.LoginTestCase" tests="1" failures="0" timestamp="30 Sep 2021 07:01:19 GMT" time="5.192" errors="0">
  <testcase name="login" time="5.192" classname="testCases.LoginTestCase"/>
</testsuite> <!-- testCases.LoginTestCase -->
